2026-03-31 19:01:05,085 [INFO] RUNNING DATA EXTRACTION SCRIPT...
2026-03-31 19:01:05,085 [INFO] Starting data extraction process...
2026-03-31 19:01:05,086 [INFO] Connecting to the database at path: data-creation-code/raw/database.sqlite
2026-03-31 19:01:05,094 [INFO] Extracting data tables from the database...
2026-03-31 19:03:25,501 [INFO] Exporting extracted data to CSV files...
2026-03-31 19:03:58,575 [INFO] Data extraction process complete. extract.py successfully ran.

2026-03-31 19:04:13,079 [INFO] RUNNING CREATE_PLAYERS_TABLE SCRIPT...
2026-03-31 19:04:13,080 [INFO] Starting players table creation process...
2026-03-31 19:04:13,082 [INFO] Connecting to DuckDB
2026-03-31 19:04:13,150 [INFO] Create players table from raw CSV
2026-03-31 19:04:13,327 [INFO] Created players table with 11060 rows
2026-03-31 19:04:13,328 [INFO] Starting players table file export process...
2026-03-31 19:04:13,381 [INFO] Exported players table to CSV: data/csv/players.csv (573,892 bytes)
2026-03-31 19:04:13,424 [INFO] Exported players table to Parquet: data/parquet/players.parquet (257,622 bytes)
2026-03-31 19:04:13,425 [INFO] Players table creation process complete. create_players.py successfully ran.

2026-03-31 19:04:17,438 [INFO] RUNNING CREATE_MATCHES_TABLE SCRIPT...
2026-03-31 19:04:17,439 [INFO] Starting matches table creation process...
2026-03-31 19:04:17,440 [INFO] Connecting to DuckDB
2026-03-31 19:04:17,505 [INFO] Create matches table from raw CSV
2026-03-31 19:04:24,464 [INFO] Created matches table with 25,979 rows
2026-03-31 19:04:24,465 [INFO] Starting players table file export process...
2026-03-31 19:04:24,587 [INFO] Exported matches table to CSV: data/csv/matches.csv (1,037,618 bytes)
2026-03-31 19:04:24,644 [INFO] Exported matches table to Parquet: data/parquet/matches.parquet (245,373 bytes)
2026-03-31 19:04:24,720 [INFO] Matches table creation process complete. create_matches.py successfully ran.

2026-03-31 19:04:35,663 [INFO] RUNNING CREATE_PLAYER_MATCH_STATS_TABLE SCRIPT...
2026-03-31 19:04:35,664 [INFO] Starting player_match_stats table creation process...
2026-03-31 19:04:35,666 [INFO] Connecting to DuckDB
2026-03-31 19:04:35,740 [INFO] Create player_match_stats table
2026-03-31 19:04:46,219 [INFO] Created player_match_stats table with 545,538 rows
2026-03-31 19:04:46,220 [INFO] Starting players table file export process...
2026-03-31 19:04:47,843 [INFO] Exported player_match_stats table to CSV: data/csv/player_match_stats.csv (53,308,134 bytes)
2026-03-31 19:04:48,484 [INFO] Exported player_match_stats table to Parquet: data/parquet/player_match_stats.parquet (12,806,419 bytes)
2026-03-31 19:04:48,525 [INFO] Player_match_stats table creation process complete. create_player_match_stats_table.py successfully ran.

2026-03-31 19:04:55,230 [INFO] RUNNING CREATE_PERFORMANCE_TABLE SCRIPT...
2026-03-31 19:04:55,231 [INFO] Starting performance table creation process...
2026-03-31 19:04:55,291 [INFO] Creating performance table with scores and decline flags
2026-03-31 19:04:57,247 [INFO] Created performance table with 545,538 rows
2026-03-31 19:04:57,248 [INFO] Starting players table file export process...
2026-03-31 19:04:59,194 [INFO] Exported performance table to CSV: data/csv/performance.csv (68,608,906 bytes)
2026-03-31 19:04:59,702 [INFO] Exported performance table to Parquet: data/parquet/performance.parquet (8,502,792 bytes)
2026-03-31 19:04:59,772 [INFO] Performance table creation process complete. create_performance.py successfully ran.

